<?xml version="1.0" encoding="UTF-8"?>
<!-- Generated by org.testng.reporters.JUnitReportReporter -->
<testsuite hostname="myaswant" failures="0" tests="1" name="com.khanAcademy.khanAcademyTest" time="88.108" errors="0" timestamp="2021-02-22T11:34:12 IST" skipped="0">
  <testcase classname="com.khanAcademy.khanAcademyTest" name="login" time="88.108"/>
  <system-out/>
</testsuite> <!-- com.khanAcademy.khanAcademyTest -->
